<?xml version="1.0" encoding="UTF-8" ?>
<testsuite errors="0" failures="0" hostname="Brians-MacBook-Pro.local" name="pawns.PawnsGUITest" skipped="0" tests="1" time="42.346" timestamp="2016-06-03T15:59:00">
  <properties>
    <property name="libs.jsp-compiler.javadoc" value="" />
    <property name="javac.test.classpath" value="lib/ini4j-0.5.4.jar:/Applications/NetBeans/NetBeans 7.3.1.app/Contents/Resources/NetBeans/platform/modules/ext/swing-layout-1.0.4.jar:lib/mockito-all-1.9.5.jar:lib/uispec4j-jdk17.jar:/Applications/NetBeans/NetBeans 7.3.1.app/Contents/Resources/NetBeans/platform/modules/ext/junit-4.10.jar:build/classes:/Applications/NetBeans/NetBeans 7.3.1.app/Contents/Resources/NetBeans/java/modules/ext/junit-3.8.2.jar" />
    <property name="libs.jsf20.maven-pom" value="" />
    <property name="libs.j2me_ant_ext.javadoc" value="" />
    <property name="ant.library.dir" value="/usr/local/Cellar/ant/1.9.6/libexec/lib" />
    <property name="libs.junit.javadoc" value="/Applications/NetBeans/NetBeans 7.3.1.app/Contents/Resources/NetBeans/java/docs/junit-3.8.2-api.zip" />
    <property name="javac.includes" value="pawns/PawnsGUITest.java" />
    <property name="libs.nokiaS80-ant-utils.javadoc" value="" />
    <property name="ant.core.lib" value="/usr/local/Cellar/ant/1.9.6/libexec/lib/ant.jar" />
    <property name="libs.jakarta_slide_ant_webdav.javadoc" value="" />
    <property name="javadoc.windowtitle" value="" />
    <property name="libs.jsp-compilation.javadoc" value="" />
    <property name="user.dir" value="/Users/BrianGouldsberry/Documents/Brian/school/CPE305/BoardGameFramework" />
    <property name="libs.javaee-api-7.0.src" value="" />
    <property name="libs.hibernate-persistence.javadoc" value="" />
    <property name="libs.JMUnit4CLDC10.javadoc" value="/Applications/NetBeans/NetBeans 7.3.1.app/Contents/Resources/NetBeans/mobility/modules/docs/jmunit-1.2.1-api.zip" />
    <property name="java.vm.version" value="24.79-b02" />
    <property name="libs.jstl11.maven-pom" value="" />
    <property name="libs.MySQLDriver.classpath" value="/Applications/NetBeans/NetBeans 7.3.1.app/Contents/Resources/NetBeans/ide/modules/ext/mysql-connector-java-5.1.23-bin.jar" />
    <property name="libs.eclipselinkmodelgen.src" value="" />
    <property name="libs.jstl11.src" value="" />
    <property name="javadoc.notree" value="false" />
    <property name="libs.javaee-web-api-6.0.classpath" value="/Applications/NetBeans/NetBeans 7.3.1.app/Contents/Resources/NetBeans/enterprise/modules/ext/javaee-web-api-6.0.jar" />
    <property name="libs.hibernate-support.maven-pom" value="" />
    <property name="libs.hibernate-support.javadoc" value="" />
    <property name="libs.javac-api.src" value="" />
    <property name="javadoc.noindex" value="false" />
    <property name="sun.os.patch.level" value="unknown" />
    <property name="java.vm.specification.name" value="Java Virtual Machine Specification" />
    <property name="libs.semc-ant-utils.classpath" value="/Applications/NetBeans/NetBeans 7.3.1.app/Contents/Resources/NetBeans/mobility/modules/ext/org-netbeans-modules-j2me-cdc-project-semc.jar" />
    <property name="libs.nokiadeployment.classpath" value="/Applications/NetBeans/NetBeans 7.3.1.app/Contents/Resources/NetBeans/mobility/modules/org-netbeans-modules-mobility-deployment-nokia.jar" />
    <property name="platforms.JDK_1.7.home" value="/Library/Java/JavaVirtualMachines/jdk1.7.0_79.jdk/Contents/Home" />
    <property name="have.tests" value="true" />
    <property name="libs.nokiaS80-ant-utils.maven-pom" value="" />
    <property name="libs.javac-api.javadoc" value="" />
    <property name="os.name" value="Mac OS X" />
    <property name="libs.beans-binding.classpath" value="/Applications/NetBeans/NetBeans 7.3.1.app/Contents/Resources/NetBeans/java/modules/ext/beansbinding-1.2.1.jar" />
    <property name="libs.javaee-endorsed-api-7.0.maven-pom" value="" />
    <property name="ap.proc.none.internal" value="" />
    <property name="libs.restapi.javadoc" value="/Applications/NetBeans/NetBeans 7.3.1.app/Contents/Resources/NetBeans/enterprise/docs/jsr311-api-1.1.1-javadoc.zip" />
    <property name="libs.JWSAntTasks.maven-pom" value="" />
    <property name="jnlp.signing.keystore" value="" />
    <property name="libs.testng.src" value="" />
    <property name="libs.ojec-ant-utils.src" value="" />
    <property name="libs.spring-webmvc3.0.src" value="" />
    <property name="libs.restapi.classpath" value="/Applications/NetBeans/NetBeans 7.3.1.app/Contents/Resources/NetBeans/enterprise/modules/ext/rest/jsr311-api-1.1.1.jar" />
    <property name="java.vendor.url.bug" value="http://bugreport.sun.com/bugreport/" />
    <property name="libs.jaxb.maven-pom" value="" />
    <property name="os.arch" value="x86_64" />
    <property name="libs.eclipselink.src" value="" />
    <property name="user.name" value="BrianGouldsberry" />
    <property name="libs.jsf12.javadoc" value="/Applications/NetBeans/NetBeans 7.3.1.app/Contents/Resources/NetBeans/enterprise/docs/javaee-doc-api.jar" />
    <property name="copylibs.rebase" value="true" />
    <property name="platforms.Java_1.7.bootclasspath" value="/Library/Java/JavaVirtualMachines/jdk1.7.0_79.jdk/Contents/Home/jre/lib/resources.jar:/Library/Java/JavaVirtualMachines/jdk1.7.0_79.jdk/Contents/Home/jre/lib/rt.jar:/Library/Java/JavaVirtualMachines/jdk1.7.0_79.jdk/Contents/Home/jre/lib/sunrsasign.jar:/Library/Java/JavaVirtualMachines/jdk1.7.0_79.jdk/Contents/Home/jre/lib/jsse.jar:/Library/Java/JavaVirtualMachines/jdk1.7.0_79.jdk/Contents/Home/jre/lib/jce.jar:/Library/Java/JavaVirtualMachines/jdk1.7.0_79.jdk/Contents/Home/jre/lib/charsets.jar:/Library/Java/JavaVirtualMachines/jdk1.7.0_79.jdk/Contents/Home/jre/lib/jfr.jar:/Library/Java/JavaVirtualMachines/jdk1.7.0_79.jdk/Contents/Home/jre/classes:/Library/Java/JavaVirtualMachines/jdk1.7.0_79.jdk/Contents/Home/jre/lib/ext/dnsns.jar:/Library/Java/JavaVirtualMachines/jdk1.7.0_79.jdk/Contents/Home/jre/lib/ext/localedata.jar:/Library/Java/JavaVirtualMachines/jdk1.7.0_79.jdk/Contents/Home/jre/lib/ext/sunec.jar:/Library/Java/JavaVirtualMachines/jdk1.7.0_79.jdk/Contents/Home/jre/lib/ext/sunjce_provider.jar:/Library/Java/JavaVirtualMachines/jdk1.7.0_79.jdk/Contents/Home/jre/lib/ext/sunpkcs11.jar:/Library/Java/JavaVirtualMachines/jdk1.7.0_79.jdk/Contents/Home/jre/lib/ext/zipfs.jar:/System/Library/Java/Extensions/AppleScriptEngine.jar:/System/Library/Java/Extensions/dns_sd.jar:/System/Library/Java/Extensions/j3daudio.jar:/System/Library/Java/Extensions/j3dcore.jar:/System/Library/Java/Extensions/j3dutils.jar:/System/Library/Java/Extensions/jai_codec.jar:/System/Library/Java/Extensions/jai_core.jar:/System/Library/Java/Extensions/mlibwrapper_jai.jar:/System/Library/Java/Extensions/MRJToolkit.jar:/System/Library/Java/Extensions/vecmath.jar" />
    <property name="libs.spring-webmvc3.0.maven-pom" value="" />
    <property name="libs.swing-layout.maven-pom" value="" />
    <property name="sun.java.command" value="org.apache.tools.ant.taskdefs.optional.junit.JUnitTestRunner pawns.PawnsGUITest skipNonTests=false filtertrace=true haltOnError=false haltOnFailure=false showoutput=true outputtoformatters=true logfailedtests=true threadid=0 logtestlistenerevents=false formatter=org.apache.tools.ant.taskdefs.optional.junit.BriefJUnitResultFormatter formatter=org.apache.tools.ant.taskdefs.optional.junit.XMLJUnitResultFormatter,/Users/BrianGouldsberry/Documents/Brian/school/CPE305/BoardGameFramework/build/test/results/TEST-pawns.PawnsGUITest.xml crashfile=/Users/BrianGouldsberry/Documents/Brian/school/CPE305/BoardGameFramework/build/junitvmwatcher588953480021281234.properties propsfile=/Users/BrianGouldsberry/Documents/Brian/school/CPE305/BoardGameFramework/build/junit4231348797147589079.properties" />
    <property name="build.classes.dir" value="build/classes" />
    <property name="jnlp.descriptor" value="application" />
    <property name="build.sysclasspath" value="ignore" />
    <property name="ap.supported.internal" value="true" />
    <property name="libs.javaee-endorsed-api-7.0.javadoc" value="/Applications/NetBeans/NetBeans 7.3.1.app/Contents/Resources/NetBeans/enterprise/docs/javaee-doc-api.jar" />
    <property name="libs.jaxws21.javadoc" value="/Applications/NetBeans/NetBeans 7.3.1.app/Contents/Resources/NetBeans/java/docs/jaxws-api-doc.zip" />
    <property name="includes" value="**" />
    <property name="libs.ojec-ant-utils.maven-pom" value="" />
    <property name="user.country" value="US" />
    <property name="libs.jstl11.javadoc" value="/Applications/NetBeans/NetBeans 7.3.1.app/Contents/Resources/NetBeans/enterprise/docs/javaee-doc-api.jar" />
    <property name="libs.JMUnit4CLDC11.src" value="" />
    <property name="javadoc.encoding" value="UTF-8" />
    <property name="platform.home" value="/Library/Java/JavaVirtualMachines/jdk1.7.0_79.jdk/Contents/Home" />
    <property name="javac.classpath" value="lib/ini4j-0.5.4.jar:/Applications/NetBeans/NetBeans 7.3.1.app/Contents/Resources/NetBeans/platform/modules/ext/swing-layout-1.0.4.jar:lib/mockito-all-1.9.5.jar:lib/uispec4j-jdk17.jar:/Applications/NetBeans/NetBeans 7.3.1.app/Contents/Resources/NetBeans/platform/modules/ext/junit-4.10.jar" />
    <property name="libs.jsp-compilation-syscp.src" value="" />
    <property name="platform.bootcp" value="/Library/Java/JavaVirtualMachines/jdk1.7.0_79.jdk/Contents/Home/jre/lib/resources.jar:/Library/Java/JavaVirtualMachines/jdk1.7.0_79.jdk/Contents/Home/jre/lib/rt.jar:/Library/Java/JavaVirtualMachines/jdk1.7.0_79.jdk/Contents/Home/jre/lib/sunrsasign.jar:/Library/Java/JavaVirtualMachines/jdk1.7.0_79.jdk/Contents/Home/jre/lib/jsse.jar:/Library/Java/JavaVirtualMachines/jdk1.7.0_79.jdk/Contents/Home/jre/lib/jce.jar:/Library/Java/JavaVirtualMachines/jdk1.7.0_79.jdk/Contents/Home/jre/lib/charsets.jar:/Library/Java/JavaVirtualMachines/jdk1.7.0_79.jdk/Contents/Home/jre/lib/jfr.jar:/Library/Java/JavaVirtualMachines/jdk1.7.0_79.jdk/Contents/Home/jre/classes:/Library/Java/JavaVirtualMachines/jdk1.7.0_79.jdk/Contents/Home/jre/lib/ext/dnsns.jar:/Library/Java/JavaVirtualMachines/jdk1.7.0_79.jdk/Contents/Home/jre/lib/ext/localedata.jar:/Library/Java/JavaVirtualMachines/jdk1.7.0_79.jdk/Contents/Home/jre/lib/ext/sunec.jar:/Library/Java/JavaVirtualMachines/jdk1.7.0_79.jdk/Contents/Home/jre/lib/ext/sunjce_provider.jar:/Library/Java/JavaVirtualMachines/jdk1.7.0_79.jdk/Contents/Home/jre/lib/ext/sunpkcs11.jar:/Library/Java/JavaVirtualMachines/jdk1.7.0_79.jdk/Contents/Home/jre/lib/ext/zipfs.jar:/System/Library/Java/Extensions/AppleScriptEngine.jar:/System/Library/Java/Extensions/dns_sd.jar:/System/Library/Java/Extensions/j3daudio.jar:/System/Library/Java/Extensions/j3dcore.jar:/System/Library/Java/Extensions/j3dutils.jar:/System/Library/Java/Extensions/jai_codec.jar:/System/Library/Java/Extensions/jai_core.jar:/System/Library/Java/Extensions/mlibwrapper_jai.jar:/System/Library/Java/Extensions/MRJToolkit.jar:/System/Library/Java/Extensions/vecmath.jar" />
    <property name="debug-transport" value="dt_socket" />
    <property name="libs.javaee-web-api-6.0.src" value="" />
    <property name="libs.ejb3-persistence.src" value="" />
    <property name="libs.jsp-compilation-syscp.classpath" value="/Applications/NetBeans/NetBeans 7.3.1.app/Contents/Resources/NetBeans/java/ant/lib/ant.jar:/Applications/NetBeans/NetBeans 7.3.1.app/Contents/Resources/NetBeans/enterprise/modules/ext/servlet3.1-jsp2.3-api.jar:/Applications/NetBeans/NetBeans 7.3.1.app/Contents/Resources/NetBeans/enterprise/modules/ext/glassfish-jspparser-4.0.jar:/Applications/NetBeans/NetBeans 7.3.1.app/Contents/Resources/NetBeans/enterprise/modules/ext/standard.jar:/Applications/NetBeans/NetBeans 7.3.1.app/Contents/Resources/NetBeans/enterprise/modules/ext/jsf-2_2/javax.faces.jar" />
    <property name="libs.nokiaS80-ant-utils.src" value="" />
    <property name="libs.cdc-pp-awt-layout.javadoc" value="" />
    <property name="libs.j2me_ant_ext.classpath" value="/Applications/NetBeans/NetBeans 7.3.1.app/Contents/Resources/NetBeans/mobility/modules/org-netbeans-modules-mobility-antext.jar:/Applications/NetBeans/NetBeans 7.3.1.app/Contents/Resources/NetBeans/java/modules/org-netbeans-modules-classfile.jar" />
    <property name="java.endorsed.dirs" value="/Library/Java/JavaVirtualMachines/jdk1.7.0_79.jdk/Contents/Home/jre/lib/endorsed" />
    <property name="libs.groovy-all.src" value="" />
    <property name="test.includes" value="pawns/PawnsGUITest.java" />
    <property name="libs.cdc-agui-swing-layout.maven-pom" value="" />
    <property name="jnlp.enabled" value="false" />
    <property name="libs.cdc-pp-awt-layout.src" value="/Applications/NetBeans/NetBeans 7.3.1.app/Contents/Resources/NetBeans/mobility/sources/cdc-pp-awt-layout-src.zip" />
    <property name="java.vm.specification.version" value="1.7" />
    <property name="libs.jakarta_slide_ant_webdav.src" value="" />
    <property name="libs.primefaces.classpath" value="/Applications/NetBeans/NetBeans 7.3.1.app/Contents/Resources/NetBeans/enterprise/modules/ext/primefaces/primefaces-3.5.jar" />
    <property name="libs.javaee-api-6.0.classpath" value="/Applications/NetBeans/NetBeans 7.3.1.app/Contents/Resources/NetBeans/enterprise/modules/ext/javaee-api-6.0.jar" />
    <property name="libs.sjmc-ant-utils.maven-pom" value="" />
    <property name="libs.groovy-all.maven-pom" value="" />
    <property name="libs.JMUnit4CLDC10.maven-pom" value="" />
    <property name="libs.hibernate-persistence.classpath" value="/Applications/NetBeans/NetBeans 7.3.1.app/Contents/Resources/NetBeans/java/modules/ext/hibernate/antlr-2.7.6.jar:/Applications/NetBeans/NetBeans 7.3.1.app/Contents/Resources/NetBeans/java/modules/ext/hibernate/asm.jar:/Applications/NetBeans/NetBeans 7.3.1.app/Contents/Resources/NetBeans/java/modules/ext/hibernate/asm-attrs.jar:/Applications/NetBeans/NetBeans 7.3.1.app/Contents/Resources/NetBeans/java/modules/ext/hibernate/cglib-2.1.3.jar:/Applications/NetBeans/NetBeans 7.3.1.app/Contents/Resources/NetBeans/java/modules/ext/hibernate/commons-collections-2.1.1.jar:/Applications/NetBeans/NetBeans 7.3.1.app/Contents/Resources/NetBeans/ide/modules/org-apache-commons-logging.jar:/Applications/NetBeans/NetBeans 7.3.1.app/Contents/Resources/NetBeans/java/modules/ext/hibernate/dom4j-1.6.1.jar:/Applications/NetBeans/NetBeans 7.3.1.app/Contents/Resources/NetBeans/java/modules/ext/hibernate/ehcache-1.2.3.jar:/Applications/NetBeans/NetBeans 7.3.1.app/Contents/Resources/NetBeans/java/modules/ext/hibernate/jdbc2_0-stdext.jar:/Applications/NetBeans/NetBeans 7.3.1.app/Contents/Resources/NetBeans/java/modules/ext/hibernate/jta.jar:/Applications/NetBeans/NetBeans 7.3.1.app/Contents/Resources/NetBeans/java/modules/ext/hibernate/hibernate3.jar:/Applications/NetBeans/NetBeans 7.3.1.app/Contents/Resources/NetBeans/java/modules/ext/hibernate/hibernate-tools.jar:/Applications/NetBeans/NetBeans 7.3.1.app/Contents/Resources/NetBeans/java/modules/ext/hibernate/hibernate-annotations.jar:/Applications/NetBeans/NetBeans 7.3.1.app/Contents/Resources/NetBeans/java/modules/ext/hibernate/hibernate-commons-annotations.jar:/Applications/NetBeans/NetBeans 7.3.1.app/Contents/Resources/NetBeans/java/modules/ext/hibernate/hibernate-entitymanager.jar:/Applications/NetBeans/NetBeans 7.3.1.app/Contents/Resources/NetBeans/java/modules/ext/hibernate/javassist.jar:/Applications/NetBeans/NetBeans 7.3.1.app/Contents/Resources/NetBeans/java/modules/ext/hibernate/ejb3-persistence.jar" />
    <property name="libs.jaxws21.src" value="" />
    <property name="application.title" value="BoardGameFramework" />
    <property name="do.archive" value="true" />
    <property name="libs.jakarta_slide_ant_webdav.classpath" value="/Applications/NetBeans/NetBeans 7.3.1.app/Contents/Resources/NetBeans/mobility/modules/ext/commons-httpclient-3.0.1.jar:/Applications/NetBeans/NetBeans 7.3.1.app/Contents/Resources/NetBeans/ide/modules/org-apache-commons-logging.jar:/Applications/NetBeans/NetBeans 7.3.1.app/Contents/Resources/NetBeans/mobility/modules/ext/jdom-1.0.jar:/Applications/NetBeans/NetBeans 7.3.1.app/Contents/Resources/NetBeans/mobility/modules/ext/jakarta-slide-webdavlib-2.1.jar:/Applications/NetBeans/NetBeans 7.3.1.app/Contents/Resources/NetBeans/mobility/modules/ext/jakarta-slide-ant-webdav-2.1.jar" />
    <property name="java.vendor" value="Oracle Corporation" />
    <property name="libs.JMUnit4CLDC10.src" value="" />
    <property name="libs.javaee-api-6.0.javadoc" value="/Applications/NetBeans/NetBeans 7.3.1.app/Contents/Resources/NetBeans/enterprise/docs/javaee-doc-api.jar" />
    <property name="jar.index.metainf" value="false" />
    <property name="javac.debug" value="true" />
    <property name="javadoc.splitindex" value="true" />
    <property name="file.separator" value="/" />
    <property name="javac.includesfile.binary" value="/Users/BrianGouldsberry/Documents/Brian/school/CPE305/BoardGameFramework/null269146081" />
    <property name="libs.junit_4.maven-pom" value="" />
    <property name="mkdist.disabled" value="true" />
    <property name="javac.test.processorpath" value="lib/ini4j-0.5.4.jar:/Applications/NetBeans/NetBeans 7.3.1.app/Contents/Resources/NetBeans/platform/modules/ext/swing-layout-1.0.4.jar:lib/mockito-all-1.9.5.jar:lib/uispec4j-jdk17.jar:/Applications/NetBeans/NetBeans 7.3.1.app/Contents/Resources/NetBeans/platform/modules/ext/junit-4.10.jar:build/classes:/Applications/NetBeans/NetBeans 7.3.1.app/Contents/Resources/NetBeans/java/modules/ext/junit-3.8.2.jar" />
    <property name="libs.JWSAntTasks.javadoc" value="" />
    <property name="build.generated.sources.dir" value="build/generated-sources" />
    <property name="libs.eclipselinkmodelgen.classpath" value="/Applications/NetBeans/NetBeans 7.3.1.app/Contents/Resources/NetBeans/java/modules/ext/eclipselink/org.eclipse.persistence.jpa.modelgen_2.5.0.v20130507-3faac2b.jar" />
    <property name="libs.javaee-endorsed-api-7.0.src" value="" />
    <property name="sun.java.launcher" value="SUN_STANDARD" />
    <property name="libs.junit.classpath" value="/Applications/NetBeans/NetBeans 7.3.1.app/Contents/Resources/NetBeans/java/modules/ext/junit-3.8.2.jar" />
    <property name="libs.jaxb.javadoc" value="/Applications/NetBeans/NetBeans 7.3.1.app/Contents/Resources/NetBeans/ide/docs/jaxb-api-doc.zip" />
    <property name="libs.struts.classpath" value="/Applications/NetBeans/NetBeans 7.3.1.app/Contents/Resources/NetBeans/enterprise/modules/ext/struts/antlr-2.7.2.jar:/Applications/NetBeans/NetBeans 7.3.1.app/Contents/Resources/NetBeans/enterprise/modules/ext/struts/bsf-2.3.0.jar:/Applications/NetBeans/NetBeans 7.3.1.app/Contents/Resources/NetBeans/enterprise/modules/ext/struts/commons-beanutils-1.8.0.jar:/Applications/NetBeans/NetBeans 7.3.1.app/Contents/Resources/NetBeans/enterprise/modules/ext/struts/commons-chain-1.2.jar:/Applications/NetBeans/NetBeans 7.3.1.app/Contents/Resources/NetBeans/enterprise/modules/ext/struts/commons-digester-1.8.jar:/Applications/NetBeans/NetBeans 7.3.1.app/Contents/Resources/NetBeans/enterprise/modules/ext/struts/commons-fileupload-1.1.1.jar:/Applications/NetBeans/NetBeans 7.3.1.app/Contents/Resources/NetBeans/enterprise/modules/ext/struts/commons-io-1.1.jar:/Applications/NetBeans/NetBeans 7.3.1.app/Contents/Resources/NetBeans/enterprise/modules/ext/struts/commons-logging-1.0.4.jar:/Applications/NetBeans/NetBeans 7.3.1.app/Contents/Resources/NetBeans/enterprise/modules/ext/struts/commons-validator-1.3.1.jar:/Applications/NetBeans/NetBeans 7.3.1.app/Contents/Resources/NetBeans/enterprise/modules/ext/struts/jstl-1.0.2.jar:/Applications/NetBeans/NetBeans 7.3.1.app/Contents/Resources/NetBeans/enterprise/modules/ext/struts/oro-2.0.8.jar:/Applications/NetBeans/NetBeans 7.3.1.app/Contents/Resources/NetBeans/enterprise/modules/ext/struts/standard-1.0.6.jar:/Applications/NetBeans/NetBeans 7.3.1.app/Contents/Resources/NetBeans/enterprise/modules/ext/struts/struts-core-1.3.10.jar:/Applications/NetBeans/NetBeans 7.3.1.app/Contents/Resources/NetBeans/enterprise/modules/ext/struts/struts-el-1.3.10.jar:/Applications/NetBeans/NetBeans 7.3.1.app/Contents/Resources/NetBeans/enterprise/modules/ext/struts/struts-extras-1.3.10.jar:/Applications/NetBeans/NetBeans 7.3.1.app/Contents/Resources/NetBeans/enterprise/modules/ext/struts/struts-faces-1.3.10.jar:/Applications/NetBeans/NetBeans 7.3.1.app/Contents/Resources/NetBeans/enterprise/modules/ext/struts/struts-mailreader-dao-1.3.10.jar:/Applications/NetBeans/NetBeans 7.3.1.app/Contents/Resources/NetBeans/enterprise/modules/ext/struts/struts-scripting-1.3.10.jar:/Applications/NetBeans/NetBeans 7.3.1.app/Contents/Resources/NetBeans/enterprise/modules/ext/struts/struts-taglib-1.3.10.jar:/Applications/NetBeans/NetBeans 7.3.1.app/Contents/Resources/NetBeans/enterprise/modules/ext/struts/struts-tiles-1.3.10.jar" />
    <property name="javac.includes.binary" value="/Users/BrianGouldsberry/Documents/Brian/school/CPE305/BoardGameFramework/build/test/classes/pawns/PawnsGUITest.class" />
    <property name="ant.home" value="/usr/local/Cellar/ant/1.9.6/libexec" />
    <property name="libs.junit_4.src" value="/Applications/NetBeans/NetBeans 7.3.1.app/Contents/Resources/NetBeans/java/docs/junit-4.10-sources.jar" />
    <property name="libs.testng.classpath" value="/Applications/NetBeans/NetBeans 7.3.1.app/Contents/Resources/NetBeans/platform/modules/ext/testng-6.5.1-dist.jar" />
    <property name="libs.absolutelayout.maven-pom" value="" />
    <property name="ant.java.version" value="1.8" />
    <property name="java.library.path" value="/Users/BrianGouldsberry/Library/Java/Extensions:/Library/Java/Extensions:/Network/Library/Java/Extensions:/System/Library/Java/Extensions:/usr/lib/java:." />
    <property name="javadoc.author" value="false" />
    <property name="libs.metro.maven-pom" value="" />
    <property name="libs.PostgreSQLDriver.src" value="" />
    <property name="sun.arch.data.model" value="64" />
    <property name="basedir" value="/Users/BrianGouldsberry/Documents/Brian/school/CPE305/BoardGameFramework" />
    <property name="libs.jpa20-persistence.maven-pom" value="" />
    <property name="jar.compress" value="false" />
    <property name="libs.javaee-web-api-7.0.classpath" value="/Applications/NetBeans/NetBeans 7.3.1.app/Contents/Resources/NetBeans/enterprise/modules/ext/javaee-web-api-7.0.jar" />
    <property name="libs.jstl11.classpath" value="/Applications/NetBeans/NetBeans 7.3.1.app/Contents/Resources/NetBeans/enterprise/modules/ext/standard.jar:/Applications/NetBeans/NetBeans 7.3.1.app/Contents/Resources/NetBeans/enterprise/modules/ext/jstl.jar" />
    <property name="path.separator" value=":" />
    <property name="libs.javaee-web-api-6.0.javadoc" value="/Applications/NetBeans/NetBeans 7.3.1.app/Contents/Resources/NetBeans/enterprise/docs/javaee-doc-api.jar" />
    <property name="platform.javac" value="/Library/Java/JavaVirtualMachines/jdk1.7.0_79.jdk/Contents/Home/bin/javac" />
    <property name="sun.io.unicode.encoding" value="UnicodeBig" />
    <property name="libs.semc-ant-utils.javadoc" value="" />
    <property name="libs.jaxws21.classpath" value="/Applications/NetBeans/NetBeans 7.3.1.app/Contents/Resources/NetBeans/ide/modules/ext/jaxb/jaxb-impl.jar:/Applications/NetBeans/NetBeans 7.3.1.app/Contents/Resources/NetBeans/ide/modules/ext/jaxb/jaxb-xjc.jar:/Applications/NetBeans/NetBeans 7.3.1.app/Contents/Resources/NetBeans/java/modules/ext/jaxws22/FastInfoset.jar:/Applications/NetBeans/NetBeans 7.3.1.app/Contents/Resources/NetBeans/java/modules/ext/jaxws22/gmbal-api-only.jar:/Applications/NetBeans/NetBeans 7.3.1.app/Contents/Resources/NetBeans/java/modules/ext/jaxws22/ha-api.jar:/Applications/NetBeans/NetBeans 7.3.1.app/Contents/Resources/NetBeans/java/modules/ext/jaxws22/javax.mail_1.4.jar:/Applications/NetBeans/NetBeans 7.3.1.app/Contents/Resources/NetBeans/java/modules/ext/jaxws22/jaxws-rt.jar:/Applications/NetBeans/NetBeans 7.3.1.app/Contents/Resources/NetBeans/java/modules/ext/jaxws22/jaxws-tools.jar:/Applications/NetBeans/NetBeans 7.3.1.app/Contents/Resources/NetBeans/java/modules/ext/jaxws22/management-api.jar:/Applications/NetBeans/NetBeans 7.3.1.app/Contents/Resources/NetBeans/java/modules/ext/jaxws22/mimepull.jar:/Applications/NetBeans/NetBeans 7.3.1.app/Contents/Resources/NetBeans/java/modules/ext/jaxws22/policy.jar:/Applications/NetBeans/NetBeans 7.3.1.app/Contents/Resources/NetBeans/java/modules/ext/jaxws22/saaj-impl.jar:/Applications/NetBeans/NetBeans 7.3.1.app/Contents/Resources/NetBeans/java/modules/ext/jaxws22/stax-ex.jar:/Applications/NetBeans/NetBeans 7.3.1.app/Contents/Resources/NetBeans/java/modules/ext/jaxws22/stax2-api.jar:/Applications/NetBeans/NetBeans 7.3.1.app/Contents/Resources/NetBeans/java/modules/ext/jaxws22/streambuffer.jar:/Applications/NetBeans/NetBeans 7.3.1.app/Contents/Resources/NetBeans/java/modules/ext/jaxws22/woodstox-core-asl.jar:/Applications/NetBeans/NetBeans 7.3.1.app/Contents/Resources/NetBeans/java/modules/ext/jaxws22/api/jaxws-api.jar:/Applications/NetBeans/NetBeans 7.3.1.app/Contents/Resources/NetBeans/java/modules/ext/jaxws22/api/jsr181-api.jar:/Applications/NetBeans/NetBeans 7.3.1.app/Contents/Resources/NetBeans/java/modules/ext/jaxws22/api/javax.annotation.jar:/Applications/NetBeans/NetBeans 7.3.1.app/Contents/Resources/NetBeans/java/modules/ext/jaxws22/api/saaj-api.jar:/Applications/NetBeans/NetBeans 7.3.1.app/Contents/Resources/NetBeans/ide/modules/ext/jaxb/activation.jar:/Applications/NetBeans/NetBeans 7.3.1.app/Contents/Resources/NetBeans/ide/modules/ext/jaxb/api/jaxb-api.jar:/Applications/NetBeans/NetBeans 7.3.1.app/Contents/Resources/NetBeans/ide/modules/ext/jaxb/api/jsr173_1.0_api.jar" />
    <property name="libs.struts.src" value="" />
    <property name="compile.on.save" value="true" />
    <property name="user.language" value="en" />
    <property name="testng.mode" value="testng" />
    <property name="libs.JAXB-ENDORSED.maven-pom" value="" />
    <property name="libs.spring-framework.classpath" value="/Applications/NetBeans/NetBeans 7.3.1.app/Contents/Resources/NetBeans/ide/modules/org-apache-commons-logging.jar:/Applications/NetBeans/NetBeans 7.3.1.app/Contents/Resources/NetBeans/java/modules/ext/cglib-2.2.jar:/Applications/NetBeans/NetBeans 7.3.1.app/Contents/Resources/NetBeans/java/modules/ext/spring/spring-2.5.6.SEC03.jar" />
    <property name="libs.eclipselink.maven-pom" value="" />
    <property name="application.vendor" value="BrianGouldsberry" />
    <property name="test.binaryincludes" value="&lt;nothing&gt;" />
    <property name="libs.primefaces.javadoc" value="" />
    <property name="libs.spring-framework300.maven-pom" value="" />
    <property name="run.test.classpath" value="lib/ini4j-0.5.4.jar:/Applications/NetBeans/NetBeans 7.3.1.app/Contents/Resources/NetBeans/platform/modules/ext/swing-layout-1.0.4.jar:lib/mockito-all-1.9.5.jar:lib/uispec4j-jdk17.jar:/Applications/NetBeans/NetBeans 7.3.1.app/Contents/Resources/NetBeans/platform/modules/ext/junit-4.10.jar:build/classes:/Applications/NetBeans/NetBeans 7.3.1.app/Contents/Resources/NetBeans/java/modules/ext/junit-3.8.2.jar:build/test/classes" />
    <property name="ant.project.invoked-targets" value="test-single" />
    <property name="test.binaryexcludes" value="" />
    <property name="libs.swing-layout.javadoc" value="/Applications/NetBeans/NetBeans 7.3.1.app/Contents/Resources/NetBeans/platform/docs/swing-layout-1.0.4-doc.zip" />
    <property name="libs.ejb3-persistence.maven-pom" value="" />
    <property name="gopherProxySet" value="false" />
    <property name="libs.PostgreSQLDriver.maven-pom" value="" />
    <property name="java.class.version" value="51.0" />
    <property name="libs.javaee-endorsed-api-6.0.src" value="" />
    <property name="libs.cdc-ant-utils.classpath" value="/Applications/NetBeans/NetBeans 7.3.1.app/Contents/Resources/NetBeans/mobility/modules/ext/org-netbeans-modules-j2me-cdc-project.jar" />
    <property name="libs.eclipselink.javadoc" value="" />
    <property name="libs.jsp-compilation.maven-pom" value="" />
    <property name="user.properties.file" value="/Users/BrianGouldsberry/Library/Application Support/NetBeans/7.3.1/build.properties" />
    <property name="runtime.encoding" value="UTF-8" />
    <property name="libs.spring-framework.src" value="" />
    <property name="libs.javac-api.maven-pom" value="" />
    <property name="file.encoding.pkg" value="sun.io" />
    <property name="sun.cpu.endian" value="little" />
    <property name="libs.JAXB-ENDORSED.javadoc" value="" />
    <property name="libs.JWSAntTasks.classpath" value="/Applications/NetBeans/NetBeans 7.3.1.app/Contents/Resources/NetBeans/java/ant/extra/org-netbeans-modules-javawebstart-anttasks.jar" />
    <property name="libs.spring-framework300.src" value="" />
    <property name="libs.ant-contrib.classpath" value="/Applications/NetBeans/NetBeans 7.3.1.app/Contents/Resources/NetBeans/mobility/modules/ext/ant-contrib-1.0b3.jar" />
    <property name="empty.dir" value="/Users/BrianGouldsberry/Documents/Brian/school/CPE305/BoardGameFramework/build/empty" />
    <property name="version-output" value="java version &quot;1.7.0_79&quot;&#xa;Java(TM) SE Runtime Environment (build 1.7.0_79-b15)&#xa;Java HotSpot(TM) 64-Bit Server VM (build 24.79-b02, mixed mode)" />
    <property name="test.binarytestincludes" value="" />
    <property name="javadoc.preview" value="true" />
    <property name="libs.jpa20-persistence.javadoc" value="" />
    <property name="java.home" value="/Library/Java/JavaVirtualMachines/jdk1.7.0_79.jdk/Contents/Home/jre" />
    <property name="libs.ojec-ant-utils.javadoc" value="" />
    <property name="libs.jsp-compilation.src" value="" />
    <property name="libs.spring-webmvc.src" value="" />
    <property name="libs.ant-contrib.javadoc" value="" />
    <property name="debug.test.classpath" value="lib/ini4j-0.5.4.jar:/Applications/NetBeans/NetBeans 7.3.1.app/Contents/Resources/NetBeans/platform/modules/ext/swing-layout-1.0.4.jar:lib/mockito-all-1.9.5.jar:lib/uispec4j-jdk17.jar:/Applications/NetBeans/NetBeans 7.3.1.app/Contents/Resources/NetBeans/platform/modules/ext/junit-4.10.jar:build/classes:/Applications/NetBeans/NetBeans 7.3.1.app/Contents/Resources/NetBeans/java/modules/ext/junit-3.8.2.jar:build/test/classes" />
    <property name="libs.javaee-endorsed-api-6.0.classpath" value="/Applications/NetBeans/NetBeans 7.3.1.app/Contents/Resources/NetBeans/enterprise/modules/ext/javaee6-endorsed/javax.annotation.jar:/Applications/NetBeans/NetBeans 7.3.1.app/Contents/Resources/NetBeans/enterprise/modules/ext/javaee6-endorsed/jaxb-api-osgi.jar:/Applications/NetBeans/NetBeans 7.3.1.app/Contents/Resources/NetBeans/enterprise/modules/ext/javaee6-endorsed/webservices-api-osgi.jar" />
    <property name="libs.javaee-api-6.0.src" value="" />
    <property name="ant.project.default-target" value="default" />
    <property name="annotation.processing.run.all.processors" value="true" />
    <property name="libs.savaje-ant-utils.classpath" value="/Applications/NetBeans/NetBeans 7.3.1.app/Contents/Resources/NetBeans/mobility/modules/ext/org-netbeans-modules-j2me-cdc-project-savaje.jar" />
    <property name="jar.archive.disabled" value="false" />
    <property name="jnlp.signing.alias" value="" />
    <property name="libs.PostgreSQLDriver.javadoc" value="" />
    <property name="libs.restlib.classpath" value="/Applications/NetBeans/NetBeans 7.3.1.app/Contents/Resources/NetBeans/enterprise/modules/ext/rest/asm-3.1.jar:/Applications/NetBeans/NetBeans 7.3.1.app/Contents/Resources/NetBeans/enterprise/modules/ext/rest/jackson-core-asl-1.9.2.jar:/Applications/NetBeans/NetBeans 7.3.1.app/Contents/Resources/NetBeans/enterprise/modules/ext/rest/jackson-jaxrs-1.9.2.jar:/Applications/NetBeans/NetBeans 7.3.1.app/Contents/Resources/NetBeans/enterprise/modules/ext/rest/jackson-mapper-asl-1.9.2.jar:/Applications/NetBeans/NetBeans 7.3.1.app/Contents/Resources/NetBeans/enterprise/modules/ext/rest/jackson-xc-1.9.2.jar:/Applications/NetBeans/NetBeans 7.3.1.app/Contents/Resources/NetBeans/enterprise/modules/ext/rest/jersey-apache-client-1.13.jar:/Applications/NetBeans/NetBeans 7.3.1.app/Contents/Resources/NetBeans/enterprise/modules/ext/rest/jersey-atom-abdera-1.13.jar:/Applications/NetBeans/NetBeans 7.3.1.app/Contents/Resources/NetBeans/enterprise/modules/ext/rest/jersey-client-1.13.jar:/Applications/NetBeans/NetBeans 7.3.1.app/Contents/Resources/NetBeans/enterprise/modules/ext/rest/jersey-core-1.13.jar:/Applications/NetBeans/NetBeans 7.3.1.app/Contents/Resources/NetBeans/enterprise/modules/ext/rest/jersey-guice-1.13.jar:/Applications/NetBeans/NetBeans 7.3.1.app/Contents/Resources/NetBeans/enterprise/modules/ext/rest/jersey-json-1.13.jar:/Applications/NetBeans/NetBeans 7.3.1.app/Contents/Resources/NetBeans/enterprise/modules/ext/rest/jersey-multipart-1.13.jar:/Applications/NetBeans/NetBeans 7.3.1.app/Contents/Resources/NetBeans/enterprise/modules/ext/rest/jersey-server-1.13.jar:/Applications/NetBeans/NetBeans 7.3.1.app/Contents/Resources/NetBeans/enterprise/modules/ext/rest/jersey-servlet-1.13.jar:/Applications/NetBeans/NetBeans 7.3.1.app/Contents/Resources/NetBeans/enterprise/modules/ext/rest/jersey-simple-server-1.13.jar:/Applications/NetBeans/NetBeans 7.3.1.app/Contents/Resources/NetBeans/enterprise/modules/ext/rest/jersey-spring-1.13.jar:/Applications/NetBeans/NetBeans 7.3.1.app/Contents/Resources/NetBeans/enterprise/modules/ext/rest/jettison-1.1.jar:/Applications/NetBeans/NetBeans 7.3.1.app/Contents/Resources/NetBeans/enterprise/modules/ext/rest/oauth-client-1.13.jar:/Applications/NetBeans/NetBeans 7.3.1.app/Contents/Resources/NetBeans/enterprise/modules/ext/rest/oauth-server-1.13.jar:/Applications/NetBeans/NetBeans 7.3.1.app/Contents/Resources/NetBeans/enterprise/modules/ext/rest/oauth-signature-1.13.jar:/Applications/NetBeans/NetBeans 7.3.1.app/Contents/Resources/NetBeans/ide/modules/ext/jaxb/activation.jar:/Applications/NetBeans/NetBeans 7.3.1.app/Contents/Resources/NetBeans/ide/modules/ext/jaxb/api/jaxb-api.jar:/Applications/NetBeans/NetBeans 7.3.1.app/Contents/Resources/NetBeans/ide/modules/ext/jaxb/api/jsr173_1.0_api.jar" />
    <property name="libs.JMUnit4CLDC11.javadoc" value="/Applications/NetBeans/NetBeans 7.3.1.app/Contents/Resources/NetBeans/mobility/modules/docs/jmunit-1.2.1-api.zip" />
    <property name="libs.MySQLDriver.maven-pom" value="" />
    <property name="libs.savaje-ant-utils.src" value="" />
    <property name="libs.junit_4.javadoc" value="/Applications/NetBeans/NetBeans 7.3.1.app/Contents/Resources/NetBeans/java/docs/junit-4.10-javadoc.jar" />
    <property name="libs.spring-webmvc.javadoc" value="" />
    <property name="libs.javaee-web-api-6.0.maven-pom" value="" />
    <property name="libs.cdc-pp-awt-layout.classpath" value="/Applications/NetBeans/NetBeans 7.3.1.app/Contents/Resources/NetBeans/mobility/modules/ext/cdc-pp-awt-layout.jar" />
    <property name="platforms.Java_1.7.compiler" value="modern" />
    <property name="libs.cdc-agui-swing-layout.src" value="/Applications/NetBeans/NetBeans 7.3.1.app/Contents/Resources/NetBeans/mobility/sources/cdc-agui-swing-layout-src.zip" />
    <property name="run.classpath" value="lib/ini4j-0.5.4.jar:/Applications/NetBeans/NetBeans 7.3.1.app/Contents/Resources/NetBeans/platform/modules/ext/swing-layout-1.0.4.jar:lib/mockito-all-1.9.5.jar:lib/uispec4j-jdk17.jar:/Applications/NetBeans/NetBeans 7.3.1.app/Contents/Resources/NetBeans/platform/modules/ext/junit-4.10.jar:build/classes" />
    <property name="libs.hibernate-support.src" value="" />
    <property name="libs.javaee-endorsed-api-6.0.javadoc" value="/Applications/NetBeans/NetBeans 7.3.1.app/Contents/Resources/NetBeans/enterprise/docs/javaee-doc-api.jar" />
    <property name="libs.javaee-api-7.0.classpath" value="/Applications/NetBeans/NetBeans 7.3.1.app/Contents/Resources/NetBeans/enterprise/modules/ext/javaee-api-7.0.jar" />
    <property name="libs.JMUnit4CLDC11.classpath" value="/Applications/NetBeans/NetBeans 7.3.1.app/Contents/Resources/NetBeans/mobility/modules/ext/jmunit4cldc11-1.2.1.jar" />
    <property name="libs.spring-webmvc3.0.javadoc" value="" />
    <property name="annotation.processing.enabled.in.editor" value="false" />
    <property name="libs.semc-ant-utils.maven-pom" value="" />
    <property name="libs.nokiadeployment.maven-pom" value="" />
    <property name="libs.restapi.src" value="" />
    <property name="sun.management.compiler" value="HotSpot 64-Bit Tiered Compilers" />
    <property name="javac.deprecation" value="false" />
    <property name="javadoc.use" value="true" />
    <property name="libs.jsp-compiler.classpath" value="/Applications/NetBeans/NetBeans 7.3.1.app/Contents/Resources/NetBeans/enterprise/ant/extra/jspcompile.jar" />
    <property name="javac.processorpath" value="lib/ini4j-0.5.4.jar:/Applications/NetBeans/NetBeans 7.3.1.app/Contents/Resources/NetBeans/platform/modules/ext/swing-layout-1.0.4.jar:lib/mockito-all-1.9.5.jar:lib/uispec4j-jdk17.jar:/Applications/NetBeans/NetBeans 7.3.1.app/Contents/Resources/NetBeans/platform/modules/ext/junit-4.10.jar" />
    <property name="libs.spring-webmvc.classpath" value="/Applications/NetBeans/NetBeans 7.3.1.app/Contents/Resources/NetBeans/enterprise/modules/ext/spring/spring-webmvc-2.5.6.SEC03.jar" />
    <property name="javac.compilerargs" value="" />
    <property name="ant.file" value="/Users/BrianGouldsberry/Documents/Brian/school/CPE305/BoardGameFramework/build.xml" />
    <property name="libs.beans-binding.maven-pom" value="" />
    <property name="jnlp.codebase.type" value="no.codebase" />
    <property name="libs.jsf12.classpath" value="/Applications/NetBeans/NetBeans 7.3.1.app/Contents/Resources/NetBeans/enterprise/modules/ext/jsf-1_2/commons-beanutils.jar:/Applications/NetBeans/NetBeans 7.3.1.app/Contents/Resources/NetBeans/enterprise/modules/ext/jsf-1_2/commons-collections.jar:/Applications/NetBeans/NetBeans 7.3.1.app/Contents/Resources/NetBeans/enterprise/modules/ext/jsf-1_2/commons-digester.jar:/Applications/NetBeans/NetBeans 7.3.1.app/Contents/Resources/NetBeans/enterprise/modules/ext/jsf-1_2/commons-logging.jar:/Applications/NetBeans/NetBeans 7.3.1.app/Contents/Resources/NetBeans/enterprise/modules/ext/jsf-1_2/jsf-api.jar:/Applications/NetBeans/NetBeans 7.3.1.app/Contents/Resources/NetBeans/enterprise/modules/ext/jsf-1_2/jsf-impl.jar" />
    <property name="libs.restapi.maven-pom" value="" />
    <property name="libs.beans-binding.src" value="" />
    <property name="java.vm.specification.vendor" value="Oracle Corporation" />
    <property name="libs.swing-layout.src" value="/Applications/NetBeans/NetBeans 7.3.1.app/Contents/Resources/NetBeans/platform/docs/swing-layout-1.0.4-src.zip" />
    <property name="ant.file.BoardGameFramework" value="/Users/BrianGouldsberry/Documents/Brian/school/CPE305/BoardGameFramework/build.xml" />
    <property name="libs.j2me_ant_ext.src" value="" />
    <property name="java.vm.name" value="Java HotSpot(TM) 64-Bit Server VM" />
    <property name="javadoc.additionalparam" value="" />
    <property name="jnlp.offline-allowed" value="false" />
    <property name="java.io.tmpdir" value="/var/folders/6c/gd95rnr148s3zwj6p961t00c0000gn/T/" />
    <property name="java.vendor.url" value="http://java.oracle.com/" />
    <property name="endorsed.classpath.cmd.line.arg" value="" />
    <property name="junit.available" value="true" />
    <property name="file.reference.mockito-all-1.9.5.jar" value="lib/mockito-all-1.9.5.jar" />
    <property name="libs.jsp-compiler.src" value="" />
    <property name="platforms.Java_1.7.home" value="/Library/Java/JavaVirtualMachines/jdk1.7.0_79.jdk/Contents/Home" />
    <property name="sun.boot.library.path" value="/Library/Java/JavaVirtualMachines/jdk1.7.0_79.jdk/Contents/Home/jre/lib" />
    <property name="have.sources" value="true" />
    <property name="debug.classpath" value="lib/ini4j-0.5.4.jar:/Applications/NetBeans/NetBeans 7.3.1.app/Contents/Resources/NetBeans/platform/modules/ext/swing-layout-1.0.4.jar:lib/mockito-all-1.9.5.jar:lib/uispec4j-jdk17.jar:/Applications/NetBeans/NetBeans 7.3.1.app/Contents/Resources/NetBeans/platform/modules/ext/junit-4.10.jar:build/classes" />
    <property name="javadoc.private" value="false" />
    <property name="test.src.dir" value="test" />
    <property name="libs.jsf20.classpath" value="/Applications/NetBeans/NetBeans 7.3.1.app/Contents/Resources/NetBeans/enterprise/modules/ext/jsf-2_2/javax.faces.jar" />
    <property name="ap.processors.internal" value="" />
    <property name="meta.inf.dir" value="src/META-INF" />
    <property name="javadoc.encoding.used" value="UTF-8" />
    <property name="ant.file.BoardGameFramework-impl" value="/Users/BrianGouldsberry/Documents/Brian/school/CPE305/BoardGameFramework/nbproject/build-impl.xml" />
    <property name="dist.jar" value="dist/BoardGameFramework.jar" />
    <property name="java.runtime.name" value="Java(TM) SE Runtime Environment" />
    <property name="ant.project.name" value="BoardGameFramework" />
    <property name="libs.jsp-compilation-syscp.maven-pom" value="" />
    <property name="platform.javadoc" value="/Library/Java/JavaVirtualMachines/jdk1.7.0_79.jdk/Contents/Home/bin/javadoc" />
    <property name="platform.javadoc.tmp" value="${platforms.Java_1.7.javadoc}" />
    <property name="libs.j2me_ant_ext.maven-pom" value="" />
    <property name="sun.cpu.isalist" value="" />
    <property name="libs.CopyLibs.javadoc" value="" />
    <property name="platform.compiler" value="${platforms.Java_1.7.compile}" />
    <property name="file.reference.uispec4j-jdk17.jar" value="lib/uispec4j-jdk17.jar" />
    <property name="libs.hibernate-support.classpath" value="/Applications/NetBeans/NetBeans 7.3.1.app/Contents/Resources/NetBeans/java/modules/ext/hibernate/antlr-2.7.6.jar:/Applications/NetBeans/NetBeans 7.3.1.app/Contents/Resources/NetBeans/java/modules/ext/hibernate/asm.jar:/Applications/NetBeans/NetBeans 7.3.1.app/Contents/Resources/NetBeans/java/modules/ext/hibernate/asm-attrs.jar:/Applications/NetBeans/NetBeans 7.3.1.app/Contents/Resources/NetBeans/java/modules/ext/hibernate/cglib-2.1.3.jar:/Applications/NetBeans/NetBeans 7.3.1.app/Contents/Resources/NetBeans/java/modules/ext/hibernate/commons-collections-2.1.1.jar:/Applications/NetBeans/NetBeans 7.3.1.app/Contents/Resources/NetBeans/ide/modules/org-apache-commons-logging.jar:/Applications/NetBeans/NetBeans 7.3.1.app/Contents/Resources/NetBeans/java/modules/ext/hibernate/dom4j-1.6.1.jar:/Applications/NetBeans/NetBeans 7.3.1.app/Contents/Resources/NetBeans/java/modules/ext/hibernate/ehcache-1.2.3.jar:/Applications/NetBeans/NetBeans 7.3.1.app/Contents/Resources/NetBeans/java/modules/ext/hibernate/jdbc2_0-stdext.jar:/Applications/NetBeans/NetBeans 7.3.1.app/Contents/Resources/NetBeans/java/modules/ext/hibernate/jta.jar:/Applications/NetBeans/NetBeans 7.3.1.app/Contents/Resources/NetBeans/java/modules/ext/hibernate/hibernate3.jar:/Applications/NetBeans/NetBeans 7.3.1.app/Contents/Resources/NetBeans/java/modules/ext/hibernate/hibernate-tools.jar:/Applications/NetBeans/NetBeans 7.3.1.app/Contents/Resources/NetBeans/java/modules/ext/hibernate/hibernate-annotations.jar:/Applications/NetBeans/NetBeans 7.3.1.app/Contents/Resources/NetBeans/java/modules/ext/hibernate/hibernate-commons-annotations.jar:/Applications/NetBeans/NetBeans 7.3.1.app/Contents/Resources/NetBeans/java/modules/ext/hibernate/hibernate-entitymanager.jar:/Applications/NetBeans/NetBeans 7.3.1.app/Contents/Resources/NetBeans/java/modules/ext/hibernate/javassist.jar" />
    <property name="user.home" value="/Users/BrianGouldsberry" />
    <property name="annotation.processing.processors.list" value="" />
    <property name="libs.primefaces.maven-pom" value="" />
    <property name="debug-args-line" value="-Xdebug" />
    <property name="libs.javaee-api-6.0.maven-pom" value="" />
    <property name="platform.javac.tmp" value="${platforms.Java_1.7.javac}" />
    <property name="libs.JWSAntTasks.src" value="" />
    <property name="jar.index" value="false" />
    <property name="libs.CopyLibs.maven-pom" value="" />
    <property name="libs.spring-framework300.javadoc" value="" />
    <property name="libs.hibernate-persistence.maven-pom" value="" />
    <property name="libs.absolutelayout.javadoc" value="" />
    <property name="java.specification.name" value="Java Platform API Specification" />
    <property name="libs.jakarta_slide_ant_webdav.maven-pom" value="" />
    <property name="ant.file.type.BoardGameFramework" value="file" />
    <property name="do.archive+main.class.available" value="true" />
    <property name="libs.sjmc-ant-utils.src" value="" />
    <property name="jnlp.mixed.code" value="default" />
    <property name="libs.cdc-agui-swing-layout.javadoc" value="" />
    <property name="java.specification.vendor" value="Oracle Corporation" />
    <property name="libs.javac-api.classpath" value="/Applications/NetBeans/NetBeans 7.3.1.app/Contents/Resources/NetBeans/java/modules/ext/nb-javac-api.jar" />
    <property name="libs.nokiaS80-ant-utils.classpath" value="/Applications/NetBeans/NetBeans 7.3.1.app/Contents/Resources/NetBeans/mobility/modules/ext/org-netbeans-modules-j2me-cdc-project-nokiaS80.jar" />
    <property name="java.version" value="1.7.0_79" />
    <property name="run.jvmargs.ide" value="" />
    <property name="javadoc.version" value="false" />
    <property name="libs.MySQLDriver.javadoc" value="" />
    <property name="source.encoding" value="UTF-8" />
    <property name="platform.java" value="/Library/Java/JavaVirtualMachines/jdk1.7.0_79.jdk/Contents/Home/bin/java" />
    <property name="ap.cmd.line.internal" value="" />
    <property name="libs.eclipselinkmodelgen.maven-pom" value="" />
    <property name="libs.jsp-compilation-syscp.javadoc" value="" />
    <property name="libs.junit.maven-pom" value="" />
    <property name="libs.eclipselinkmodelgen.javadoc" value="" />
    <property name="libs.javaee-endorsed-api-7.0.classpath" value="/Applications/NetBeans/NetBeans 7.3.1.app/Contents/Resources/NetBeans/enterprise/modules/ext/javaee7-endorsed/javax.annotation-api.jar:/Applications/NetBeans/NetBeans 7.3.1.app/Contents/Resources/NetBeans/enterprise/modules/ext/javaee7-endorsed/javax.xml.soap-api.jar:/Applications/NetBeans/NetBeans 7.3.1.app/Contents/Resources/NetBeans/enterprise/modules/ext/javaee7-endorsed/jaxb-api-osgi.jar:/Applications/NetBeans/NetBeans 7.3.1.app/Contents/Resources/NetBeans/enterprise/modules/ext/javaee7-endorsed/jaxws-api.jar:/Applications/NetBeans/NetBeans 7.3.1.app/Contents/Resources/NetBeans/enterprise/modules/ext/javaee7-endorsed/jsr181-api.jar" />
    <property name="libs.metro.javadoc" value="/Applications/NetBeans/NetBeans 7.3.1.app/Contents/Resources/NetBeans/enterprise/docs/metro-1.4-doc.zip" />
    <property name="libs.struts.maven-pom" value="" />
    <property name="annotation.processing.processor.options" value="" />
    <property name="libs.testng.maven-pom" value="" />
    <property name="libs.jaxb.src" value="" />
    <property name="work.dir" value="/Users/BrianGouldsberry/Documents/Brian/school/CPE305/BoardGameFramework" />
    <property name="libs.cdc-ant-utils.src" value="" />
    <property name="libs.jaxb.classpath" value="/Applications/NetBeans/NetBeans 7.3.1.app/Contents/Resources/NetBeans/ide/modules/ext/jaxb/jaxb-impl.jar:/Applications/NetBeans/NetBeans 7.3.1.app/Contents/Resources/NetBeans/ide/modules/ext/jaxb/jaxb-xjc.jar:/Applications/NetBeans/NetBeans 7.3.1.app/Contents/Resources/NetBeans/ide/modules/ext/jaxb/jaxb1-impl.jar:/Applications/NetBeans/NetBeans 7.3.1.app/Contents/Resources/NetBeans/ide/modules/ext/jaxb/activation.jar:/Applications/NetBeans/NetBeans 7.3.1.app/Contents/Resources/NetBeans/ide/modules/ext/jaxb/api/jaxb-api.jar:/Applications/NetBeans/NetBeans 7.3.1.app/Contents/Resources/NetBeans/ide/modules/ext/jaxb/api/jsr173_1.0_api.jar" />
    <property name="ant.file.type.BoardGameFramework-impl" value="file" />
    <property name="do.depend" value="false" />
    <property name="dist.javadoc.dir" value="dist/javadoc" />
    <property name="libs.spring-webmvc3.0.classpath" value="/Applications/NetBeans/NetBeans 7.3.1.app/Contents/Resources/NetBeans/java/modules/ext/spring-3.0/spring-webmvc-3.1.1.RELEASE.jar" />
    <property name="libs.swing-layout.classpath" value="/Applications/NetBeans/NetBeans 7.3.1.app/Contents/Resources/NetBeans/platform/modules/ext/swing-layout-1.0.4.jar" />
    <property name="libs.javaee-web-api-7.0.maven-pom" value="" />
    <property name="file.reference.ini4j-0.5.4.jar" value="lib/ini4j-0.5.4.jar" />
    <property name="libs.restlib.src" value="" />
    <property name="javac.source" value="1.7" />
    <property name="build.generated.dir" value="build/generated" />
    <property name="line.separator" value="&#xa;" />
    <property name="libs.hibernate-persistence.src" value="" />
    <property name="java.specification.version" value="1.7" />
    <property name="java.vm.info" value="mixed mode" />
    <property name="libs.jaxws21.maven-pom" value="" />
    <property name="libs.cdc-ant-utils.javadoc" value="" />
    <property name="nb.junit.batch" value="true" />
    <property name="junit.forkmode" value="perTest" />
    <property name="libs.ojec-ant-utils.classpath" value="/Applications/NetBeans/NetBeans 7.3.1.app/Contents/Resources/NetBeans/mobility/modules/ext/org-netbeans-modules-j2me-cdc-project-ojec.jar" />
    <property name="platform.java.tmp" value="${platforms.Java_1.7.java}" />
    <property name="libs.spring-framework.maven-pom" value="" />
    <property name="sun.boot.class.path" value="/Library/Java/JavaVirtualMachines/jdk1.7.0_79.jdk/Contents/Home/jre/lib/resources.jar:/Library/Java/JavaVirtualMachines/jdk1.7.0_79.jdk/Contents/Home/jre/lib/rt.jar:/Library/Java/JavaVirtualMachines/jdk1.7.0_79.jdk/Contents/Home/jre/lib/sunrsasign.jar:/Library/Java/JavaVirtualMachines/jdk1.7.0_79.jdk/Contents/Home/jre/lib/jsse.jar:/Library/Java/JavaVirtualMachines/jdk1.7.0_79.jdk/Contents/Home/jre/lib/jce.jar:/Library/Java/JavaVirtualMachines/jdk1.7.0_79.jdk/Contents/Home/jre/lib/charsets.jar:/Library/Java/JavaVirtualMachines/jdk1.7.0_79.jdk/Contents/Home/jre/lib/jfr.jar:/Library/Java/JavaVirtualMachines/jdk1.7.0_79.jdk/Contents/Home/jre/classes" />
    <property name="javac.target" value="1.7" />
    <property name="built-jar.properties" value="/Users/BrianGouldsberry/Documents/Brian/school/CPE305/BoardGameFramework/build/built-jar.properties" />
    <property name="build.test.classes.dir" value="build/test/classes" />
    <property name="src.dir" value="src" />
    <property name="annotation.processing.enabled" value="true" />
    <property name="libs.jsf20.src" value="" />
    <property name="libs.jpa20-persistence.src" value="" />
    <property name="libs.jsf12.src" value="" />
    <property name="libs.nokiadeployment.src" value="" />
    <property name="libs.savaje-ant-utils.javadoc" value="" />
    <property name="libs.struts.javadoc" value="/Applications/NetBeans/NetBeans 7.3.1.app/Contents/Resources/NetBeans/enterprise/docs/struts-1.3.10-javadoc.zip" />
    <property name="libs.cdc-ant-utils.maven-pom" value="" />
    <property name="libs.javaee-web-api-7.0.src" value="" />
    <property name="libs.primefaces.src" value="" />
    <property name="libs.cdc-agui-swing-layout.classpath" value="/Applications/NetBeans/NetBeans 7.3.1.app/Contents/Resources/NetBeans/mobility/modules/ext/cdc-agui-swing-layout.jar" />
    <property name="dist.dir" value="dist" />
    <property name="libs.groovy-all.javadoc" value="" />
    <property name="testng.debug.mode" value="" />
    <property name="libs.groovy-all.classpath" value="/Applications/NetBeans/NetBeans 7.3.1.app/Contents/Resources/NetBeans/groovy/modules/ext/groovy-all.jar" />
    <property name="libs.sjmc-ant-utils.classpath" value="/Applications/NetBeans/NetBeans 7.3.1.app/Contents/Resources/NetBeans/mobility/modules/ext/org-netbeans-modules-j2me-cdc-project-sjmc.jar" />
    <property name="libs.JMUnit4CLDC10.classpath" value="/Applications/NetBeans/NetBeans 7.3.1.app/Contents/Resources/NetBeans/mobility/modules/ext/jmunit4cldc10-1.2.1.jar" />
    <property name="java.awt.printerjob" value="sun.lwawt.macosx.CPrinterJob" />
    <property name="default.javac.source" value="1.8" />
    <property name="platforms.JDK_1.7.compiler" value="modern" />
    <property name="debug-transport-by-os" value="dt_socket" />
    <property name="sun.jnu.encoding" value="UTF-8" />
    <property name="libs.MySQLDriver.src" value="" />
    <property name="platforms.JDK_1.7.bootclasspath" value="/Library/Java/JavaVirtualMachines/jdk1.7.0_79.jdk/Contents/Home/jre/lib/resources.jar:/Library/Java/JavaVirtualMachines/jdk1.7.0_79.jdk/Contents/Home/jre/lib/rt.jar:/Library/Java/JavaVirtualMachines/jdk1.7.0_79.jdk/Contents/Home/jre/lib/sunrsasign.jar:/Library/Java/JavaVirtualMachines/jdk1.7.0_79.jdk/Contents/Home/jre/lib/jsse.jar:/Library/Java/JavaVirtualMachines/jdk1.7.0_79.jdk/Contents/Home/jre/lib/jce.jar:/Library/Java/JavaVirtualMachines/jdk1.7.0_79.jdk/Contents/Home/jre/lib/charsets.jar:/Library/Java/JavaVirtualMachines/jdk1.7.0_79.jdk/Contents/Home/jre/lib/jfr.jar:/Library/Java/JavaVirtualMachines/jdk1.7.0_79.jdk/Contents/Home/jre/classes:/Library/Java/JavaVirtualMachines/jdk1.7.0_79.jdk/Contents/Home/jre/lib/ext/dnsns.jar:/Library/Java/JavaVirtualMachines/jdk1.7.0_79.jdk/Contents/Home/jre/lib/ext/localedata.jar:/Library/Java/JavaVirtualMachines/jdk1.7.0_79.jdk/Contents/Home/jre/lib/ext/sunec.jar:/Library/Java/JavaVirtualMachines/jdk1.7.0_79.jdk/Contents/Home/jre/lib/ext/sunjce_provider.jar:/Library/Java/JavaVirtualMachines/jdk1.7.0_79.jdk/Contents/Home/jre/lib/ext/sunpkcs11.jar:/Library/Java/JavaVirtualMachines/jdk1.7.0_79.jdk/Contents/Home/jre/lib/ext/zipfs.jar:/System/Library/Java/Extensions/AppleScriptEngine.jar:/System/Library/Java/Extensions/dns_sd.jar:/System/Library/Java/Extensions/j3daudio.jar:/System/Library/Java/Extensions/j3dcore.jar:/System/Library/Java/Extensions/j3dutils.jar:/System/Library/Java/Extensions/jai_codec.jar:/System/Library/Java/Extensions/jai_core.jar:/System/Library/Java/Extensions/mlibwrapper_jai.jar:/System/Library/Java/Extensions/MRJToolkit.jar:/System/Library/Java/Extensions/vecmath.jar" />
    <property name="libs.ant-contrib.maven-pom" value="" />
    <property name="libs.nokiadeployment.javadoc" value="" />
    <property name="build.test.results.dir" value="build/test/results" />
    <property name="java.runtime.version" value="1.7.0_79-b15" />
    <property name="libs.ejb3-persistence.javadoc" value="" />
    <property name="libs.sjmc-ant-utils.javadoc" value="" />
    <property name="default.javac.target" value="1.8" />
    <property name="libs.junit_4.classpath" value="/Applications/NetBeans/NetBeans 7.3.1.app/Contents/Resources/NetBeans/platform/modules/ext/junit-4.10.jar" />
    <property name="user.timezone" value="" />
    <property name="nb.junit.single" value="false" />
    <property name="do.jar" value="true" />
    <property name="libs.javaee-endorsed-api-6.0.maven-pom" value="" />
    <property name="libs.ant-contrib.src" value="" />
    <property name="libs.jsf20.javadoc" value="/Applications/NetBeans/NetBeans 7.3.1.app/Contents/Resources/NetBeans/enterprise/docs/javaee-doc-api.jar" />
    <property name="java.ext.dirs" value="/Users/BrianGouldsberry/Library/Java/Extensions:/Library/Java/JavaVirtualMachines/jdk1.7.0_79.jdk/Contents/Home/jre/lib/ext:/Library/Java/Extensions:/Network/Library/Java/Extensions:/System/Library/Java/Extensions:/usr/lib/java" />
    <property name="libs.metro.src" value="" />
    <property name="libs.savaje-ant-utils.maven-pom" value="" />
    <property name="libs.semc-ant-utils.src" value="" />
    <property name="endorsed.classpath" value="" />
    <property name="libs.absolutelayout.classpath" value="/Applications/NetBeans/NetBeans 7.3.1.app/Contents/Resources/NetBeans/java/modules/ext/AbsoluteLayout.jar" />
    <property name="excludes" value="" />
    <property name="libs.restlib.maven-pom" value="" />
    <property name="libs.metro.classpath" value="/Applications/NetBeans/NetBeans 7.3.1.app/Contents/Resources/NetBeans/ide/modules/ext/jaxb/activation.jar:/Applications/NetBeans/NetBeans 7.3.1.app/Contents/Resources/NetBeans/enterprise/modules/ext/metro/webservices-api.jar:/Applications/NetBeans/NetBeans 7.3.1.app/Contents/Resources/NetBeans/enterprise/modules/ext/metro/webservices-extra-api.jar:/Applications/NetBeans/NetBeans 7.3.1.app/Contents/Resources/NetBeans/enterprise/modules/ext/metro/webservices-extra.jar:/Applications/NetBeans/NetBeans 7.3.1.app/Contents/Resources/NetBeans/enterprise/modules/ext/metro/webservices-rt.jar:/Applications/NetBeans/NetBeans 7.3.1.app/Contents/Resources/NetBeans/enterprise/modules/ext/metro/webservices-tools.jar" />
    <property name="java.class.path" value="/Users/BrianGouldsberry/Documents/Brian/school/CPE305/BoardGameFramework/lib/ini4j-0.5.4.jar:/Applications/NetBeans/NetBeans 7.3.1.app/Contents/Resources/NetBeans/platform/modules/ext/swing-layout-1.0.4.jar:/Users/BrianGouldsberry/Documents/Brian/school/CPE305/BoardGameFramework/lib/mockito-all-1.9.5.jar:/Users/BrianGouldsberry/Documents/Brian/school/CPE305/BoardGameFramework/lib/uispec4j-jdk17.jar:/Applications/NetBeans/NetBeans 7.3.1.app/Contents/Resources/NetBeans/platform/modules/ext/junit-4.10.jar:/Users/BrianGouldsberry/Documents/Brian/school/CPE305/BoardGameFramework/build/classes:/Applications/NetBeans/NetBeans 7.3.1.app/Contents/Resources/NetBeans/java/modules/ext/junit-3.8.2.jar:/Users/BrianGouldsberry/Documents/Brian/school/CPE305/BoardGameFramework/build/test/classes:/usr/local/Cellar/ant/1.9.6/libexec/lib/ant-launcher.jar:/usr/local/Cellar/ant/1.9.6/libexec/lib/ant.jar:/usr/local/Cellar/ant/1.9.6/libexec/lib/ant-junit.jar:/usr/local/Cellar/ant/1.9.6/libexec/lib/ant-junit4.jar" />
    <property name="libs.absolutelayout.src" value="" />
    <property name="libs.jpa20-persistence.classpath" value="/Applications/NetBeans/NetBeans 7.3.1.app/Contents/Resources/NetBeans/java/modules/ext/eclipselink/javax.persistence_2.1.0.v201304241213.jar" />
    <property name="libs.cdc-pp-awt-layout.maven-pom" value="" />
    <property name="os.version" value="10.10.5" />
    <property name="application.args" value="" />
    <property name="libs.javaee-api-7.0.maven-pom" value="" />
    <property name="libs.JMUnit4CLDC11.maven-pom" value="" />
    <property name="main.class.available" value="true" />
    <property name="libs.restlib.javadoc" value="/Applications/NetBeans/NetBeans 7.3.1.app/Contents/Resources/NetBeans/enterprise/docs/jersey-1.13-javadoc.zip:/Applications/NetBeans/NetBeans 7.3.1.app/Contents/Resources/NetBeans/enterprise/docs/jersey-apache-client-1.13-javadoc.zip:/Applications/NetBeans/NetBeans 7.3.1.app/Contents/Resources/NetBeans/enterprise/docs/jersey-atom-abdera-1.13-javadoc.zip:/Applications/NetBeans/NetBeans 7.3.1.app/Contents/Resources/NetBeans/enterprise/docs/jersey-guice-1.13-javadoc.zip:/Applications/NetBeans/NetBeans 7.3.1.app/Contents/Resources/NetBeans/enterprise/docs/jersey-multipart-1.13-javadoc.zip:/Applications/NetBeans/NetBeans 7.3.1.app/Contents/Resources/NetBeans/enterprise/docs/jersey-simple-server-1.13-javadoc.zip:/Applications/NetBeans/NetBeans 7.3.1.app/Contents/Resources/NetBeans/enterprise/docs/jersey-spring-1.13-javadoc.zip:/Applications/NetBeans/NetBeans 7.3.1.app/Contents/Resources/NetBeans/enterprise/docs/oauth-client-1.13-javadoc.zip:/Applications/NetBeans/NetBeans 7.3.1.app/Contents/Resources/NetBeans/enterprise/docs/oauth-server-1.13-javadoc.zip:/Applications/NetBeans/NetBeans 7.3.1.app/Contents/Resources/NetBeans/enterprise/docs/oauth-signature-1.13-javadoc.zip" />
    <property name="libs.JAXB-ENDORSED.classpath" value="/Applications/NetBeans/NetBeans 7.3.1.app/Contents/Resources/NetBeans/ide/modules/ext/jaxb/api/jaxb-api.jar" />
    <property name="libs.javaee-api-7.0.javadoc" value="/Applications/NetBeans/NetBeans 7.3.1.app/Contents/Resources/NetBeans/enterprise/docs/javaee-doc-api.jar" />
    <property name="libs.eclipselink.classpath" value="/Applications/NetBeans/NetBeans 7.3.1.app/Contents/Resources/NetBeans/java/modules/ext/eclipselink/eclipselink.jar:/Applications/NetBeans/NetBeans 7.3.1.app/Contents/Resources/NetBeans/java/modules/ext/eclipselink/javax.persistence_2.1.0.v201304241213.jar:/Applications/NetBeans/NetBeans 7.3.1.app/Contents/Resources/NetBeans/java/modules/ext/eclipselink/org.eclipse.persistence.jpa.jpql_2.5.0.v20130507-3faac2b.jar" />
    <property name="java.awt.graphicsenv" value="sun.awt.CGraphicsEnvironment" />
    <property name="libs.beans-binding.javadoc" value="/Applications/NetBeans/NetBeans 7.3.1.app/Contents/Resources/NetBeans/java/docs/beansbinding-1.2.1-doc.zip" />
    <property name="java.vm.vendor" value="Oracle Corporation" />
    <property name="libs.CopyLibs.classpath" value="/Applications/NetBeans/NetBeans 7.3.1.app/Contents/Resources/NetBeans/java/ant/extra/org-netbeans-modules-java-j2seproject-copylibstask.jar" />
    <property name="libs.spring-framework300.classpath" value="/Applications/NetBeans/NetBeans 7.3.1.app/Contents/Resources/NetBeans/ide/modules/org-apache-commons-logging.jar:/Applications/NetBeans/NetBeans 7.3.1.app/Contents/Resources/NetBeans/java/modules/ext/cglib-2.2.jar:/Applications/NetBeans/NetBeans 7.3.1.app/Contents/Resources/NetBeans/java/modules/ext/spring-3.0/spring-aop-3.1.1.RELEASE.jar:/Applications/NetBeans/NetBeans 7.3.1.app/Contents/Resources/NetBeans/java/modules/ext/spring-3.0/spring-asm-3.1.1.RELEASE.jar:/Applications/NetBeans/NetBeans 7.3.1.app/Contents/Resources/NetBeans/java/modules/ext/spring-3.0/spring-aspects-3.1.1.RELEASE.jar:/Applications/NetBeans/NetBeans 7.3.1.app/Contents/Resources/NetBeans/java/modules/ext/spring-3.0/spring-beans-3.1.1.RELEASE.jar:/Applications/NetBeans/NetBeans 7.3.1.app/Contents/Resources/NetBeans/java/modules/ext/spring-3.0/spring-context-3.1.1.RELEASE.jar:/Applications/NetBeans/NetBeans 7.3.1.app/Contents/Resources/NetBeans/java/modules/ext/spring-3.0/spring-context-support-3.1.1.RELEASE.jar:/Applications/NetBeans/NetBeans 7.3.1.app/Contents/Resources/NetBeans/java/modules/ext/spring-3.0/spring-core-3.1.1.RELEASE.jar:/Applications/NetBeans/NetBeans 7.3.1.app/Contents/Resources/NetBeans/java/modules/ext/spring-3.0/spring-expression-3.1.1.RELEASE.jar:/Applications/NetBeans/NetBeans 7.3.1.app/Contents/Resources/NetBeans/java/modules/ext/spring-3.0/spring-instrument-3.1.1.RELEASE.jar:/Applications/NetBeans/NetBeans 7.3.1.app/Contents/Resources/NetBeans/java/modules/ext/spring-3.0/spring-instrument-tomcat-3.1.1.RELEASE.jar:/Applications/NetBeans/NetBeans 7.3.1.app/Contents/Resources/NetBeans/java/modules/ext/spring-3.0/spring-jdbc-3.1.1.RELEASE.jar:/Applications/NetBeans/NetBeans 7.3.1.app/Contents/Resources/NetBeans/java/modules/ext/spring-3.0/spring-jms-3.1.1.RELEASE.jar:/Applications/NetBeans/NetBeans 7.3.1.app/Contents/Resources/NetBeans/java/modules/ext/spring-3.0/spring-orm-3.1.1.RELEASE.jar:/Applications/NetBeans/NetBeans 7.3.1.app/Contents/Resources/NetBeans/java/modules/ext/spring-3.0/spring-oxm-3.1.1.RELEASE.jar:/Applications/NetBeans/NetBeans 7.3.1.app/Contents/Resources/NetBeans/java/modules/ext/spring-3.0/spring-test-3.1.1.RELEASE.jar:/Applications/NetBeans/NetBeans 7.3.1.app/Contents/Resources/NetBeans/java/modules/ext/spring-3.0/spring-tx-3.1.1.RELEASE.jar:/Applications/NetBeans/NetBeans 7.3.1.app/Contents/Resources/NetBeans/java/modules/ext/spring-3.0/spring-web-3.1.1.RELEASE.jar:/Applications/NetBeans/NetBeans 7.3.1.app/Contents/Resources/NetBeans/java/modules/ext/spring-3.0/spring-webmvc-portlet-3.1.1.RELEASE.jar:/Applications/NetBeans/NetBeans 7.3.1.app/Contents/Resources/NetBeans/java/modules/ext/spring-3.0/spring-webmvc-3.1.1.RELEASE.jar:/Applications/NetBeans/NetBeans 7.3.1.app/Contents/Resources/NetBeans/java/modules/ext/spring-3.0/spring-struts-3.1.1.RELEASE.jar" />
    <property name="libs.jsp-compiler.maven-pom" value="" />
    <property name="libs.spring-webmvc.maven-pom" value="" />
    <property name="run.jvmargs" value="" />
    <property name="libs.ejb3-persistence.classpath" value="/Applications/NetBeans/NetBeans 7.3.1.app/Contents/Resources/NetBeans/java/modules/ext/hibernate/ejb3-persistence.jar" />
    <property name="libs.JAXB-ENDORSED.src" value="" />
    <property name="libs.spring-framework.javadoc" value="" />
    <property name="libs.testng.javadoc" value="/Applications/NetBeans/NetBeans 7.3.1.app/Contents/Resources/NetBeans/platform/docs/testng-6.5.1-javadoc.zip" />
    <property name="ant.file.type" value="file" />
    <property name="libs.PostgreSQLDriver.classpath" value="/Applications/NetBeans/NetBeans 7.3.1.app/Contents/Resources/NetBeans/ide/modules/ext/postgresql-9.2-1002.jdbc4.jar" />
    <property name="libs.jsf12.maven-pom" value="" />
    <property name="jnlp.signing" value="" />
    <property name="libs.junit.src" value="" />
    <property name="jnlp.signed" value="false" />
    <property name="annotation.processing.source.output" value="build/generated-sources/ap-source-output" />
    <property name="main.class" value="GameLoader" />
    <property name="libs.CopyLibs.src" value="" />
    <property name="build.dir" value="build" />
    <property name="libs.jsp-compilation.classpath" value="/Applications/NetBeans/NetBeans 7.3.1.app/Contents/Resources/NetBeans/java/ant/lib/ant.jar:/Applications/NetBeans/NetBeans 7.3.1.app/Contents/Resources/NetBeans/enterprise/modules/ext/servlet3.1-jsp2.3-api.jar:/Applications/NetBeans/NetBeans 7.3.1.app/Contents/Resources/NetBeans/enterprise/modules/ext/glassfish-jspparser-4.0.jar:/Applications/NetBeans/NetBeans 7.3.1.app/Contents/Resources/NetBeans/enterprise/modules/ext/jsf-2_2/javax.faces.jar:/Applications/NetBeans/NetBeans 7.3.1.app/Contents/Resources/NetBeans/enterprise/modules/ext/jstl.jar:/Applications/NetBeans/NetBeans 7.3.1.app/Contents/Resources/NetBeans/java/ant/lib/ant-launcher.jar" />
    <property name="ant.version" value="Apache Ant(TM) version 1.9.6 compiled on June 29 2015" />
    <property name="file.encoding" value="UTF-8" />
    <property name="build.classes.excludes" value="**/*.java,**/*.form" />
    <property name="javadoc.nonavbar" value="false" />
    <property name="platform.active" value="Java_1.7" />
    <property name="awt.toolkit" value="sun.lwawt.macosx.LWCToolkit" />
    <property name="libs.javaee-web-api-7.0.javadoc" value="/Applications/NetBeans/NetBeans 7.3.1.app/Contents/Resources/NetBeans/enterprise/docs/javaee-doc-api.jar" />
  </properties>
  <testcase classname="pawns.PawnsGUITest" name="testSystem" time="42.262" />
  <system-out><![CDATA[]]></system-out>
  <system-err><![CDATA[]]></system-err>
</testsuite>
